c:\users\baka1\source\repos\gamedev-intro-tutorials\05-scenemanager\debug\vc143.pdb
c:\users\baka1\source\repos\gamedev-intro-tutorials\05-scenemanager\debug\vc143.idb
c:\users\baka1\source\repos\gamedev-intro-tutorials\05-scenemanager\debug\utils.obj
c:\users\baka1\source\repos\gamedev-intro-tutorials\05-scenemanager\debug\textures.obj
c:\users\baka1\source\repos\gamedev-intro-tutorials\05-scenemanager\debug\sprites.obj
c:\users\baka1\source\repos\gamedev-intro-tutorials\05-scenemanager\debug\sprite.obj
c:\users\baka1\source\repos\gamedev-intro-tutorials\05-scenemanager\debug\samplekeyeventhandler.obj
c:\users\baka1\source\repos\gamedev-intro-tutorials\05-scenemanager\debug\portal.obj
c:\users\baka1\source\repos\gamedev-intro-tutorials\05-scenemanager\debug\playscene.obj
c:\users\baka1\source\repos\gamedev-intro-tutorials\05-scenemanager\debug\platform.obj
c:\users\baka1\source\repos\gamedev-intro-tutorials\05-scenemanager\debug\mario.obj
c:\users\baka1\source\repos\gamedev-intro-tutorials\05-scenemanager\debug\main.obj
c:\users\baka1\source\repos\gamedev-intro-tutorials\05-scenemanager\debug\goomba.obj
c:\users\baka1\source\repos\gamedev-intro-tutorials\05-scenemanager\debug\gameobject.obj
c:\users\baka1\source\repos\gamedev-intro-tutorials\05-scenemanager\debug\game.obj
c:\users\baka1\source\repos\gamedev-intro-tutorials\05-scenemanager\debug\debug.obj
c:\users\baka1\source\repos\gamedev-intro-tutorials\05-scenemanager\debug\collision.obj
c:\users\baka1\source\repos\gamedev-intro-tutorials\05-scenemanager\debug\coin.obj
c:\users\baka1\source\repos\gamedev-intro-tutorials\05-scenemanager\debug\brick.obj
c:\users\baka1\source\repos\gamedev-intro-tutorials\05-scenemanager\debug\animations.obj
c:\users\baka1\source\repos\gamedev-intro-tutorials\05-scenemanager\debug\animation.obj
c:\users\baka1\source\repos\gamedev-intro-tutorials\05-scenemanager\debug\solidblock.obj
c:\users\baka1\source\repos\gamedev-intro-tutorials\05-scenemanager\debug\backgroundobject.obj
c:\users\baka1\source\repos\gamedev-intro-tutorials\debug\d3dcompiler_43.dll
c:\users\baka1\source\repos\gamedev-intro-tutorials\debug\d3dx9d_43.dll
c:\users\baka1\source\repos\gamedev-intro-tutorials\debug\d3dx10d_43.dll
c:\users\baka1\source\repos\gamedev-intro-tutorials\debug\d3dx11d_43.dll
c:\users\baka1\source\repos\gamedev-intro-tutorials\debug\05-scenemanager.exe
c:\users\baka1\source\repos\gamedev-intro-tutorials\debug\05-scenemanager.pdb
c:\users\baka1\source\repos\gamedev-intro-tutorials\05-scenemanager\debug\05-scenemanager.ilk
c:\users\baka1\source\repos\gamedev-intro-tutorials\05-scenemanager\debug\05-scenemanager.tlog\cl.command.1.tlog
c:\users\baka1\source\repos\gamedev-intro-tutorials\05-scenemanager\debug\05-scenemanager.tlog\cl.items.tlog
c:\users\baka1\source\repos\gamedev-intro-tutorials\05-scenemanager\debug\05-scenemanager.tlog\cl.read.1.tlog
c:\users\baka1\source\repos\gamedev-intro-tutorials\05-scenemanager\debug\05-scenemanager.tlog\cl.write.1.tlog
c:\users\baka1\source\repos\gamedev-intro-tutorials\05-scenemanager\debug\05-scenemanager.tlog\copylocal.read.1u.tlog
c:\users\baka1\source\repos\gamedev-intro-tutorials\05-scenemanager\debug\05-scenemanager.tlog\copylocal.write.1u.tlog
c:\users\baka1\source\repos\gamedev-intro-tutorials\05-scenemanager\debug\05-scenemanager.tlog\link.command.1.tlog
c:\users\baka1\source\repos\gamedev-intro-tutorials\05-scenemanager\debug\05-scenemanager.tlog\link.read.1.tlog
c:\users\baka1\source\repos\gamedev-intro-tutorials\05-scenemanager\debug\05-scenemanager.tlog\link.secondary.1.tlog
c:\users\baka1\source\repos\gamedev-intro-tutorials\05-scenemanager\debug\05-scenemanager.tlog\link.write.1.tlog
