c:\users\baka1\source\repos\gamedev-intro-tutorials\03-keyboard-states\debug\vc143.pdb
c:\users\baka1\source\repos\gamedev-intro-tutorials\03-keyboard-states\debug\vc143.idb
c:\users\baka1\source\repos\gamedev-intro-tutorials\03-keyboard-states\debug\textures.obj
c:\users\baka1\source\repos\gamedev-intro-tutorials\03-keyboard-states\debug\sprites.obj
c:\users\baka1\source\repos\gamedev-intro-tutorials\03-keyboard-states\debug\samplekeyeventhandler.obj
c:\users\baka1\source\repos\gamedev-intro-tutorials\03-keyboard-states\debug\mario.obj
c:\users\baka1\source\repos\gamedev-intro-tutorials\03-keyboard-states\debug\main.obj
c:\users\baka1\source\repos\gamedev-intro-tutorials\03-keyboard-states\debug\gameobject.obj
c:\users\baka1\source\repos\gamedev-intro-tutorials\03-keyboard-states\debug\game.obj
c:\users\baka1\source\repos\gamedev-intro-tutorials\03-keyboard-states\debug\debug.obj
c:\users\baka1\source\repos\gamedev-intro-tutorials\03-keyboard-states\debug\brick.obj
c:\users\baka1\source\repos\gamedev-intro-tutorials\03-keyboard-states\debug\sprite.obj
c:\users\baka1\source\repos\gamedev-intro-tutorials\03-keyboard-states\debug\animations.obj
c:\users\baka1\source\repos\gamedev-intro-tutorials\03-keyboard-states\debug\animation.obj
c:\users\baka1\source\repos\gamedev-intro-tutorials\debug\d3dcompiler_43.dll
c:\users\baka1\source\repos\gamedev-intro-tutorials\debug\d3dx9d_43.dll
c:\users\baka1\source\repos\gamedev-intro-tutorials\debug\d3dx10d_43.dll
c:\users\baka1\source\repos\gamedev-intro-tutorials\debug\d3dx11d_43.dll
c:\users\baka1\source\repos\gamedev-intro-tutorials\debug\03-keyboard-states.exe
c:\users\baka1\source\repos\gamedev-intro-tutorials\debug\03-keyboard-states.pdb
c:\users\baka1\source\repos\gamedev-intro-tutorials\03-keyboard-states\debug\03-keyboard-states.ilk
c:\users\baka1\source\repos\gamedev-intro-tutorials\03-keyboard-states\debug\03-keybo.5bb3dc44.tlog\cl.command.1.tlog
c:\users\baka1\source\repos\gamedev-intro-tutorials\03-keyboard-states\debug\03-keybo.5bb3dc44.tlog\cl.items.tlog
c:\users\baka1\source\repos\gamedev-intro-tutorials\03-keyboard-states\debug\03-keybo.5bb3dc44.tlog\cl.read.1.tlog
c:\users\baka1\source\repos\gamedev-intro-tutorials\03-keyboard-states\debug\03-keybo.5bb3dc44.tlog\cl.write.1.tlog
c:\users\baka1\source\repos\gamedev-intro-tutorials\03-keyboard-states\debug\03-keybo.5bb3dc44.tlog\copylocal.read.1u.tlog
c:\users\baka1\source\repos\gamedev-intro-tutorials\03-keyboard-states\debug\03-keybo.5bb3dc44.tlog\copylocal.write.1u.tlog
c:\users\baka1\source\repos\gamedev-intro-tutorials\03-keyboard-states\debug\03-keybo.5bb3dc44.tlog\link.command.1.tlog
c:\users\baka1\source\repos\gamedev-intro-tutorials\03-keyboard-states\debug\03-keybo.5bb3dc44.tlog\link.read.1.tlog
c:\users\baka1\source\repos\gamedev-intro-tutorials\03-keyboard-states\debug\03-keybo.5bb3dc44.tlog\link.secondary.1.tlog
c:\users\baka1\source\repos\gamedev-intro-tutorials\03-keyboard-states\debug\03-keybo.5bb3dc44.tlog\link.write.1.tlog
