c:\users\baka1\source\repos\gamedev-intro-tutorials\02-sprite\debug\vc143.pdb
c:\users\baka1\source\repos\gamedev-intro-tutorials\02-sprite\debug\vc143.idb
c:\users\baka1\source\repos\gamedev-intro-tutorials\02-sprite\debug\textures.obj
c:\users\baka1\source\repos\gamedev-intro-tutorials\02-sprite\debug\sprites.obj
c:\users\baka1\source\repos\gamedev-intro-tutorials\02-sprite\debug\sprite.obj
c:\users\baka1\source\repos\gamedev-intro-tutorials\02-sprite\debug\mario.obj
c:\users\baka1\source\repos\gamedev-intro-tutorials\02-sprite\debug\main.obj
c:\users\baka1\source\repos\gamedev-intro-tutorials\02-sprite\debug\gameobject.obj
c:\users\baka1\source\repos\gamedev-intro-tutorials\02-sprite\debug\game.obj
c:\users\baka1\source\repos\gamedev-intro-tutorials\02-sprite\debug\debug.obj
c:\users\baka1\source\repos\gamedev-intro-tutorials\02-sprite\debug\animations.obj
c:\users\baka1\source\repos\gamedev-intro-tutorials\02-sprite\debug\animation.obj
c:\users\baka1\source\repos\gamedev-intro-tutorials\02-sprite\debug\koopa.obj
c:\users\baka1\source\repos\gamedev-intro-tutorials\debug\d3dcompiler_43.dll
c:\users\baka1\source\repos\gamedev-intro-tutorials\debug\d3dx9d_43.dll
c:\users\baka1\source\repos\gamedev-intro-tutorials\debug\d3dx10d_43.dll
c:\users\baka1\source\repos\gamedev-intro-tutorials\debug\d3dx11d_43.dll
c:\users\baka1\source\repos\gamedev-intro-tutorials\debug\02-sprite.exe
c:\users\baka1\source\repos\gamedev-intro-tutorials\debug\02-sprite.pdb
c:\users\baka1\source\repos\gamedev-intro-tutorials\02-sprite\debug\02-sprite.ilk
c:\users\baka1\source\repos\gamedev-intro-tutorials\02-sprite\debug\mario.obj.enc
c:\users\baka1\source\repos\gamedev-intro-tutorials\02-sprite\debug\02-sprite.tlog\cl.command.1.tlog
c:\users\baka1\source\repos\gamedev-intro-tutorials\02-sprite\debug\02-sprite.tlog\cl.items.tlog
c:\users\baka1\source\repos\gamedev-intro-tutorials\02-sprite\debug\02-sprite.tlog\cl.read.1.tlog
c:\users\baka1\source\repos\gamedev-intro-tutorials\02-sprite\debug\02-sprite.tlog\cl.write.1.tlog
c:\users\baka1\source\repos\gamedev-intro-tutorials\02-sprite\debug\02-sprite.tlog\copylocal.read.1u.tlog
c:\users\baka1\source\repos\gamedev-intro-tutorials\02-sprite\debug\02-sprite.tlog\copylocal.write.1u.tlog
c:\users\baka1\source\repos\gamedev-intro-tutorials\02-sprite\debug\02-sprite.tlog\link.command.1.tlog
c:\users\baka1\source\repos\gamedev-intro-tutorials\02-sprite\debug\02-sprite.tlog\link.read.1.tlog
c:\users\baka1\source\repos\gamedev-intro-tutorials\02-sprite\debug\02-sprite.tlog\link.secondary.1.tlog
c:\users\baka1\source\repos\gamedev-intro-tutorials\02-sprite\debug\02-sprite.tlog\link.write.1.tlog
