c:\users\baka1\source\repos\gamedev-intro-tutorials\04-collision\debug\vc143.pdb
c:\users\baka1\source\repos\gamedev-intro-tutorials\04-collision\debug\vc143.idb
c:\users\baka1\source\repos\gamedev-intro-tutorials\04-collision\debug\textures.obj
c:\users\baka1\source\repos\gamedev-intro-tutorials\04-collision\debug\sprites.obj
c:\users\baka1\source\repos\gamedev-intro-tutorials\04-collision\debug\sprite.obj
c:\users\baka1\source\repos\gamedev-intro-tutorials\04-collision\debug\samplekeyeventhandler.obj
c:\users\baka1\source\repos\gamedev-intro-tutorials\04-collision\debug\platform.obj
c:\users\baka1\source\repos\gamedev-intro-tutorials\04-collision\debug\mario.obj
c:\users\baka1\source\repos\gamedev-intro-tutorials\04-collision\debug\main.obj
c:\users\baka1\source\repos\gamedev-intro-tutorials\04-collision\debug\goomba.obj
c:\users\baka1\source\repos\gamedev-intro-tutorials\04-collision\debug\gameobject.obj
c:\users\baka1\source\repos\gamedev-intro-tutorials\04-collision\debug\game.obj
c:\users\baka1\source\repos\gamedev-intro-tutorials\04-collision\debug\debug.obj
c:\users\baka1\source\repos\gamedev-intro-tutorials\04-collision\debug\collision.obj
c:\users\baka1\source\repos\gamedev-intro-tutorials\04-collision\debug\coin.obj
c:\users\baka1\source\repos\gamedev-intro-tutorials\04-collision\debug\brick.obj
c:\users\baka1\source\repos\gamedev-intro-tutorials\04-collision\debug\animations.obj
c:\users\baka1\source\repos\gamedev-intro-tutorials\04-collision\debug\animation.obj
c:\users\baka1\source\repos\gamedev-intro-tutorials\04-collision\debug\star.obj
c:\users\baka1\source\repos\gamedev-intro-tutorials\debug\d3dcompiler_43.dll
c:\users\baka1\source\repos\gamedev-intro-tutorials\debug\d3dx9d_43.dll
c:\users\baka1\source\repos\gamedev-intro-tutorials\debug\d3dx10d_43.dll
c:\users\baka1\source\repos\gamedev-intro-tutorials\debug\d3dx11d_43.dll
c:\users\baka1\source\repos\gamedev-intro-tutorials\debug\04-collision.exe
c:\users\baka1\source\repos\gamedev-intro-tutorials\debug\04-collision.pdb
c:\users\baka1\source\repos\gamedev-intro-tutorials\04-collision\debug\04-collision.ilk
c:\users\baka1\source\repos\gamedev-intro-tutorials\04-collision\debug\04-collision.tlog\cl.command.1.tlog
c:\users\baka1\source\repos\gamedev-intro-tutorials\04-collision\debug\04-collision.tlog\cl.items.tlog
c:\users\baka1\source\repos\gamedev-intro-tutorials\04-collision\debug\04-collision.tlog\cl.read.1.tlog
c:\users\baka1\source\repos\gamedev-intro-tutorials\04-collision\debug\04-collision.tlog\cl.write.1.tlog
c:\users\baka1\source\repos\gamedev-intro-tutorials\04-collision\debug\04-collision.tlog\copylocal.read.1u.tlog
c:\users\baka1\source\repos\gamedev-intro-tutorials\04-collision\debug\04-collision.tlog\copylocal.write.1u.tlog
c:\users\baka1\source\repos\gamedev-intro-tutorials\04-collision\debug\04-collision.tlog\link.command.1.tlog
c:\users\baka1\source\repos\gamedev-intro-tutorials\04-collision\debug\04-collision.tlog\link.read.1.tlog
c:\users\baka1\source\repos\gamedev-intro-tutorials\04-collision\debug\04-collision.tlog\link.secondary.1.tlog
c:\users\baka1\source\repos\gamedev-intro-tutorials\04-collision\debug\04-collision.tlog\link.write.1.tlog
